<?xml version="1.0" encoding="UTF-8"?>
<testng-results ignored="0" total="1" passed="1" failed="0" skipped="0">
  <reporter-output>
  </reporter-output>
  <suite started-at="2024-04-20T15:11:13 IST" name="Default suite" finished-at="2024-04-20T15:11:34 IST" duration-ms="21168">
    <groups>
    </groups>
    <test started-at="2024-04-20T15:11:13 IST" name="Default test" finished-at="2024-04-20T15:11:34 IST" duration-ms="21168">
      <class name="Vtiger.Base">
        <test-method signature="text()[pri:0, instance:Vtiger.Base@f09733f]" started-at="2024-04-20T15:11:13 IST" name="text" finished-at="2024-04-20T15:11:34 IST" duration-ms="21110" status="PASS">
          <reporter-output>
          </reporter-output>
        </test-method> <!-- text -->
      </class> <!-- Vtiger.Base -->
    </test> <!-- Default test -->
  </suite> <!-- Default suite -->
</testng-results>
